Arguments: 
  C:\Program Files\nodejs\node.exe C:\Users\user\AppData\Roaming\npm\node_modules\yarn\bin\yarn.js add @ethersproject

PATH: 
  C:\Users\user\Desktop\SNOWFLAKEV2INTERGALATICNFTMARKET\NFTPoolContract\node_modules\.bin;C:\Program Files (x86)\Common Files\Intel\Shared Libraries\redist\intel64\compiler;C:\Program Files (x86)\Common Files\Intel\Shared Libraries\redist\ia32\compiler;C:\Windows\system32;C:\Windows;C:\Windows\System32\Wbem;C:\Windows\System32\WindowsPowerShell\v1.0\;C:\Windows\System32\OpenSSH\;C:\Program Files\NVIDIA Corporation\NVIDIA NvDLISR;C:\Program Files (x86)\NVIDIA Corporation\PhysX\Common;C:\Program Files\Git\cmd;C:\Program Files\nodejs\;C:\WINDOWS\system32;C:\WINDOWS;C:\WINDOWS\System32\Wbem;C:\WINDOWS\System32\WindowsPowerShell\v1.0\;C:\WINDOWS\System32\OpenSSH\;C:\Program Files (x86)\Windows Kits\8.1\Windows Performance Toolkit\;C:\Users\user\AppData\Local\Programs\Python\Python39\Scripts\;C:\Users\user\AppData\Local\Programs\Python\Python39\;C:\Users\user\AppData\Local\Microsoft\WindowsApps;C:\Users\user\AppData\Roaming\npm;;C:\Users\user\AppData\Local\Programs\Microsoft VS Code\bin

Yarn version: 
  1.22.10

Node version: 
  14.16.0

Platform: 
  win32 x64

Trace: 
  Error: https://registry.yarnpkg.com/@ethersproject: Request "https://registry.yarnpkg.com/@ethersproject" returned a 405
      at Request.params.callback [as _callback] (C:\Users\user\AppData\Roaming\npm\node_modules\yarn\lib\cli.js:66997:18)
      at Request.self.callback (C:\Users\user\AppData\Roaming\npm\node_modules\yarn\lib\cli.js:140662:22)
      at Request.emit (events.js:315:20)
      at Request.<anonymous> (C:\Users\user\AppData\Roaming\npm\node_modules\yarn\lib\cli.js:141634:10)
      at Request.emit (events.js:315:20)
      at IncomingMessage.<anonymous> (C:\Users\user\AppData\Roaming\npm\node_modules\yarn\lib\cli.js:141556:12)
      at Object.onceWrapper (events.js:421:28)
      at IncomingMessage.emit (events.js:327:22)
      at endReadableNT (internal/streams/readable.js:1327:12)
      at processTicksAndRejections (internal/process/task_queues.js:80:21)

npm manifest: 
  {
    "name": "NFTPoolContract",
    "version": "1.0.0",
    "description": "",
    "main": "truffle-config.js",
    "directories": {
      "test": "test"
    },
    "dependencies": {
      "ethers": "^5.3.1",
      "solc": "^0.8.5"
    },
    "devDependencies": {},
    "scripts": {
      "test": "echo \"Error: no test specified\" && exit 1"
    },
    "keywords": [],
    "author": "",
    "license": "ISC"
  }

yarn manifest: 
  No manifest

Lockfile: 
  # THIS IS AN AUTOGENERATED FILE. DO NOT EDIT THIS FILE DIRECTLY.
  # yarn lockfile v1
  
  
  "@ethersproject/abi@5.3.1", "@ethersproject/abi@^5.3.0":
    version "5.3.1"
    resolved "https://registry.yarnpkg.com/@ethersproject/abi/-/abi-5.3.1.tgz#69a1a496729d3a83521675a57cbe21f3cc27241c"
    integrity sha512-F98FWTJG7nWWAQ4DcV6R0cSlrj67MWK3ylahuFbzkumem5cLWg1p7fZ3vIdRoS1c7TEf55Lvyx0w7ICR47IImw==
    dependencies:
      "@ethersproject/address" "^5.3.0"
      "@ethersproject/bignumber" "^5.3.0"
      "@ethersproject/bytes" "^5.3.0"
      "@ethersproject/constants" "^5.3.0"
      "@ethersproject/hash" "^5.3.0"
      "@ethersproject/keccak256" "^5.3.0"
      "@ethersproject/logger" "^5.3.0"
      "@ethersproject/properties" "^5.3.0"
      "@ethersproject/strings" "^5.3.0"
  
  "@ethersproject/abstract-provider@5.3.0", "@ethersproject/abstract-provider@^5.3.0":
    version "5.3.0"
    resolved "https://registry.yarnpkg.com/@ethersproject/abstract-provider/-/abstract-provider-5.3.0.tgz#f4c0ae4a4cef9f204d7781de805fd44b72756c81"
    integrity sha512-1+MLhGP1GwxBDBNwMWVmhCsvKwh4gK7oIfOrmlmePNeskg1NhIrYssraJBieaFNHUYfKEd/1DjiVZMw8Qu5Cxw==
    dependencies:
      "@ethersproject/bignumber" "^5.3.0"
      "@ethersproject/bytes" "^5.3.0"
      "@ethersproject/logger" "^5.3.0"
      "@ethersproject/networks" "^5.3.0"
      "@ethersproject/properties" "^5.3.0"
      "@ethersproject/transactions" "^5.3.0"
      "@ethersproject/web" "^5.3.0"
  
  "@ethersproject/abstract-signer@5.3.0", "@ethersproject/abstract-signer@^5.3.0":
    version "5.3.0"
    resolved "https://registry.yarnpkg.com/@ethersproject/abstract-signer/-/abstract-signer-5.3.0.tgz#05172b653e15b535ed5854ef5f6a72f4b441052d"
    integrity sha512-w8IFwOYqiPrtvosPuArZ3+QPR2nmdVTRrVY8uJYL3NNfMmQfTy3V3l2wbzX47UUlNbPJY+gKvzJAyvK1onZxJg==
    dependencies:
      "@ethersproject/abstract-provider" "^5.3.0"
      "@ethersproject/bignumber" "^5.3.0"
      "@ethersproject/bytes" "^5.3.0"
      "@ethersproject/logger" "^5.3.0"
      "@ethersproject/properties" "^5.3.0"
  
  "@ethersproject/address@5.3.0", "@ethersproject/address@^5.3.0":
    version "5.3.0"
    resolved "https://registry.yarnpkg.com/@ethersproject/address/-/address-5.3.0.tgz#e53b69eacebf332e8175de814c5e6507d6932518"
    integrity sha512-29TgjzEBK+gUEUAOfWCG7s9IxLNLCqvr+oDSk6L9TXD0VLvZJKhJV479tKQqheVA81OeGxfpdxYtUVH8hqlCvA==
    dependencies:
      "@ethersproject/bignumber" "^5.3.0"
      "@ethersproject/bytes" "^5.3.0"
      "@ethersproject/keccak256" "^5.3.0"
      "@ethersproject/logger" "^5.3.0"
      "@ethersproject/rlp" "^5.3.0"
  
  "@ethersproject/base64@5.3.0", "@ethersproject/base64@^5.3.0":
    version "5.3.0"
    resolved "https://registry.yarnpkg.com/@ethersproject/base64/-/base64-5.3.0.tgz#b831fb35418b42ad24d943c557259062b8640824"
    integrity sha512-JIqgtOmgKcbc2sjGWTXyXktqUhvFUDte8fPVsAaOrcPiJf6YotNF+nsrOYGC9pbHBEGSuSBp3QR0varkO8JHEw==
    dependencies:
      "@ethersproject/bytes" "^5.3.0"
  
  "@ethersproject/basex@5.3.0", "@ethersproject/basex@^5.3.0":
    version "5.3.0"
    resolved "https://registry.yarnpkg.com/@ethersproject/basex/-/basex-5.3.0.tgz#02dea3ab8559ae625c6d548bc11773432255c916"
    integrity sha512-8J4nS6t/SOnoCgr3DF5WCSRLC5YwTKYpZWJqeyYQLX+86TwPhtzvHXacODzcDII9tWKhVg6g0Bka8JCBWXsCiQ==
    dependencies:
      "@ethersproject/bytes" "^5.3.0"
      "@ethersproject/properties" "^5.3.0"
  
  "@ethersproject/bignumber@5.3.0", "@ethersproject/bignumber@^5.3.0":
    version "5.3.0"
    resolved "https://registry.yarnpkg.com/@ethersproject/bignumber/-/bignumber-5.3.0.tgz#74ab2ec9c3bda4e344920565720a6ee9c794e9db"
    integrity sha512-5xguJ+Q1/zRMgHgDCaqAexx/8DwDVLRemw2i6uR8KyGjwGdXI8f32QZZ1cKGucBN6ekJvpUpHy6XAuQnTv0mPA==
    dependencies:
      "@ethersproject/bytes" "^5.3.0"
      "@ethersproject/logger" "^5.3.0"
      bn.js "^4.11.9"
  
  "@ethersproject/bytes@5.3.0", "@ethersproject/bytes@^5.3.0":
    version "5.3.0"
    resolved "https://registry.yarnpkg.com/@ethersproject/bytes/-/bytes-5.3.0.tgz#473e0da7f831d535b2002be05e6f4ca3729a1bc9"
    integrity sha512-rqLJjdVqCcn7glPer7Fxh87PRqlnRScVAoxcIP3PmOUNApMWJ6yRdOFfo2KvPAdO7Le3yEI1o0YW+Yvr7XCYvw==
    dependencies:
      "@ethersproject/logger" "^5.3.0"
  
  "@ethersproject/constants@5.3.0", "@ethersproject/constants@^5.3.0":
    version "5.3.0"
    resolved "https://registry.yarnpkg.com/@ethersproject/constants/-/constants-5.3.0.tgz#a5d6d86c0eec2c64c3024479609493b9afb3fc77"
    integrity sha512-4y1feNOwEpgjAfiCFWOHznvv6qUF/H6uI0UKp8xdhftb+H+FbKflXg1pOgH5qs4Sr7EYBL+zPyPb+YD5g1aEyw==
    dependencies:
      "@ethersproject/bignumber" "^5.3.0"
  
  "@ethersproject/contracts@5.3.0":
    version "5.3.0"
    resolved "https://registry.yarnpkg.com/@ethersproject/contracts/-/contracts-5.3.0.tgz#ad699a3abaae30bfb6422cf31813a663b2d4099c"
    integrity sha512-eDyQ8ltykvyQqnGZxb/c1e0OnEtzqXhNNC4BX8nhYBCaoBrYYuK/1fLmyEvc5+XUMoxNhwpYkoSSwvPLci7/Zg==
    dependencies:
      "@ethersproject/abi" "^5.3.0"
      "@ethersproject/abstract-provider" "^5.3.0"
      "@ethersproject/abstract-signer" "^5.3.0"
      "@ethersproject/address" "^5.3.0"
      "@ethersproject/bignumber" "^5.3.0"
      "@ethersproject/bytes" "^5.3.0"
      "@ethersproject/constants" "^5.3.0"
      "@ethersproject/logger" "^5.3.0"
      "@ethersproject/properties" "^5.3.0"
      "@ethersproject/transactions" "^5.3.0"
  
  "@ethersproject/hash@5.3.0", "@ethersproject/hash@^5.3.0":
    version "5.3.0"
    resolved "https://registry.yarnpkg.com/@ethersproject/hash/-/hash-5.3.0.tgz#f65e3bf3db3282df4da676db6cfa049535dd3643"
    integrity sha512-gAFZSjUPQ32CIfoKSMtMEQ+IO0kQxqhwz9fCIFt2DtAq2u4pWt8mL9Z5P0r6KkLcQU8LE9FmuPPyd+JvBzmr1w==
    dependencies:
      "@ethersproject/abstract-signer" "^5.3.0"
      "@ethersproject/address" "^5.3.0"
      "@ethersproject/bignumber" "^5.3.0"
      "@ethersproject/bytes" "^5.3.0"
      "@ethersproject/keccak256" "^5.3.0"
      "@ethersproject/logger" "^5.3.0"
      "@ethersproject/properties" "^5.3.0"
      "@ethersproject/strings" "^5.3.0"
  
  "@ethersproject/hdnode@5.3.0", "@ethersproject/hdnode@^5.3.0":
    version "5.3.0"
    resolved "https://registry.yarnpkg.com/@ethersproject/hdnode/-/hdnode-5.3.0.tgz#26fed65ffd5c25463fddff13f5fb4e5617553c94"
    integrity sha512-zLmmtLNoDMGoYRdjOab01Zqkvp+TmZyCGDAMQF1Bs3yZyBs/kzTNi1qJjR1jVUcPP5CWGtjFwY8iNG8oNV9J8g==
    dependencies:
      "@ethersproject/abstract-signer" "^5.3.0"
      "@ethersproject/basex" "^5.3.0"
      "@ethersproject/bignumber" "^5.3.0"
      "@ethersproject/bytes" "^5.3.0"
      "@ethersproject/logger" "^5.3.0"
      "@ethersproject/pbkdf2" "^5.3.0"
      "@ethersproject/properties" "^5.3.0"
      "@ethersproject/sha2" "^5.3.0"
      "@ethersproject/signing-key" "^5.3.0"
      "@ethersproject/strings" "^5.3.0"
      "@ethersproject/transactions" "^5.3.0"
      "@ethersproject/wordlists" "^5.3.0"
  
  "@ethersproject/json-wallets@5.3.0", "@ethersproject/json-wallets@^5.3.0":
    version "5.3.0"
    resolved "https://registry.yarnpkg.com/@ethersproject/json-wallets/-/json-wallets-5.3.0.tgz#7b1a5ff500c12aa8597ae82c8939837b0449376e"
    integrity sha512-/xwbqaIb5grUIGNmeEaz8GdcpmDr++X8WT4Jqcclnxow8PXCUHFeDxjf3O+nSuoqOYG/Ds0+BI5xuQKbva6Xkw==
    dependencies:
      "@ethersproject/abstract-signer" "^5.3.0"
      "@ethersproject/address" "^5.3.0"
      "@ethersproject/bytes" "^5.3.0"
      "@ethersproject/hdnode" "^5.3.0"
      "@ethersproject/keccak256" "^5.3.0"
      "@ethersproject/logger" "^5.3.0"
      "@ethersproject/pbkdf2" "^5.3.0"
      "@ethersproject/properties" "^5.3.0"
      "@ethersproject/random" "^5.3.0"
      "@ethersproject/strings" "^5.3.0"
      "@ethersproject/transactions" "^5.3.0"
      aes-js "3.0.0"
      scrypt-js "3.0.1"
  
  "@ethersproject/keccak256@5.3.0", "@ethersproject/keccak256@^5.3.0":
    version "5.3.0"
    resolved "https://registry.yarnpkg.com/@ethersproject/keccak256/-/keccak256-5.3.0.tgz#fb5cd36bdfd6fa02e2ea84964078a9fc6bd731be"
    integrity sha512-Gv2YqgIUmRbYVNIibafT0qGaeGYLIA/EdWHJ7JcVxVSs2vyxafGxOJ5VpSBHWeOIsE6OOaCelYowhuuTicgdFQ==
    dependencies:
      "@ethersproject/bytes" "^5.3.0"
      js-sha3 "0.5.7"
  
  "@ethersproject/logger@5.3.0", "@ethersproject/logger@^5.3.0":
    version "5.3.0"
    resolved "https://registry.yarnpkg.com/@ethersproject/logger/-/logger-5.3.0.tgz#7a69fa1d4ca0d4b7138da1627eb152f763d84dd0"
    integrity sha512-8bwJ2gxJGkZZnpQSq5uSiZSJjyVTWmlGft4oH8vxHdvO1Asy4TwVepAhPgxIQIMxXZFUNMych1YjIV4oQ4I7dA==
  
  "@ethersproject/networks@5.3.1", "@ethersproject/networks@^5.3.0":
    version "5.3.1"
    resolved "https://registry.yarnpkg.com/@ethersproject/networks/-/networks-5.3.1.tgz#78fe08324cee289ce239acf8c746121934b2ef61"
    integrity sha512-6uQKHkYChlsfeiZhQ8IHIqGE/sQsf25o9ZxAYpMxi15dLPzz3IxOEF5KiSD32aHwsjXVBKBSlo+teAXLlYJybw==
    dependencies:
      "@ethersproject/logger" "^5.3.0"
  
  "@ethersproject/pbkdf2@5.3.0", "@ethersproject/pbkdf2@^5.3.0":
    version "5.3.0"
    resolved "https://registry.yarnpkg.com/@ethersproject/pbkdf2/-/pbkdf2-5.3.0.tgz#8adbb41489c3c9f319cc44bc7d3e6095fd468dc8"
    integrity sha512-Q9ChVU6gBFiex0FSdtzo4b0SAKz3ZYcYVFLrEWHL0FnHvNk3J3WgAtRNtBQGQYn/T5wkoTdZttMbfBkFlaiWcA==
    dependencies:
      "@ethersproject/bytes" "^5.3.0"
      "@ethersproject/sha2" "^5.3.0"
  
  "@ethersproject/properties@5.3.0", "@ethersproject/properties@^5.3.0":
    version "5.3.0"
    resolved "https://registry.yarnpkg.com/@ethersproject/properties/-/properties-5.3.0.tgz#feef4c4babeb7c10a6b3449575016f4ad2c092b2"
    integrity sha512-PaHxJyM5/bfusk6vr3yP//JMnm4UEojpzuWGTmtL5X4uNhNnFNvlYilZLyDr4I9cTkIbipCMsAuIcXWsmdRnEw==
    dependencies:
      "@ethersproject/logger" "^5.3.0"
  
  "@ethersproject/providers@5.3.1":
    version "5.3.1"
    resolved "https://registry.yarnpkg.com/@ethersproject/providers/-/providers-5.3.1.tgz#a12c6370e8cbc0968c9744641b8ef90b0dd5ec2b"
    integrity sha512-HC63vENTrur6/JKEhcQbA8PRDj1FAesdpX98IW+xAAo3EAkf70ou5fMIA3KCGzJDLNTeYA4C2Bonz849tVLekg==
    dependencies:
      "@ethersproject/abstract-provider" "^5.3.0"
      "@ethersproject/abstract-signer" "^5.3.0"
      "@ethersproject/address" "^5.3.0"
      "@ethersproject/basex" "^5.3.0"
      "@ethersproject/bignumber" "^5.3.0"
      "@ethersproject/bytes" "^5.3.0"
      "@ethersproject/constants" "^5.3.0"
      "@ethersproject/hash" "^5.3.0"
      "@ethersproject/logger" "^5.3.0"
      "@ethersproject/networks" "^5.3.0"
      "@ethersproject/properties" "^5.3.0"
      "@ethersproject/random" "^5.3.0"
      "@ethersproject/rlp" "^5.3.0"
      "@ethersproject/sha2" "^5.3.0"
      "@ethersproject/strings" "^5.3.0"
      "@ethersproject/transactions" "^5.3.0"
      "@ethersproject/web" "^5.3.0"
      bech32 "1.1.4"
      ws "7.4.6"
  
  "@ethersproject/random@5.3.0", "@ethersproject/random@^5.3.0":
    version "5.3.0"
    resolved "https://registry.yarnpkg.com/@ethersproject/random/-/random-5.3.0.tgz#7c46bf36e50cb0d0550bc8c666af8e1d4496dc1a"
    integrity sha512-A5SL/4inutSwt3Fh2OD0x2gz+x6GHmuUnIPkR7zAiTidMD2N8F6tZdMF1hlQKWVCcVMWhEQg8mWijhEzm6BBYw==
    dependencies:
      "@ethersproject/bytes" "^5.3.0"
      "@ethersproject/logger" "^5.3.0"
  
  "@ethersproject/rlp@5.3.0", "@ethersproject/rlp@^5.3.0":
    version "5.3.0"
    resolved "https://registry.yarnpkg.com/@ethersproject/rlp/-/rlp-5.3.0.tgz#7cb93a7b5dfa69163894153c9d4b0d936f333188"
    integrity sha512-oI0joYpsRanl9guDubaW+1NbcpK0vJ3F/6Wpcanzcnqq+oaW9O5E98liwkEDPcb16BUTLIJ+ZF8GPIHYxJ/5Pw==
    dependencies:
      "@ethersproject/bytes" "^5.3.0"
      "@ethersproject/logger" "^5.3.0"
  
  "@ethersproject/sha2@5.3.0", "@ethersproject/sha2@^5.3.0":
    version "5.3.0"
    resolved "https://registry.yarnpkg.com/@ethersproject/sha2/-/sha2-5.3.0.tgz#209f9a1649f7d2452dcd5e5b94af43b7f3f42366"
    integrity sha512-r5ftlwKcocYEuFz2JbeKOT5SAsCV4m1RJDsTOEfQ5L67ZC7NFDK5i7maPdn1bx4nPhylF9VAwxSrQ1esmwzylg==
    dependencies:
      "@ethersproject/bytes" "^5.3.0"
      "@ethersproject/logger" "^5.3.0"
      hash.js "1.1.7"
  
  "@ethersproject/signing-key@5.3.0", "@ethersproject/signing-key@^5.3.0":
    version "5.3.0"
    resolved "https://registry.yarnpkg.com/@ethersproject/signing-key/-/signing-key-5.3.0.tgz#a96c88f8173e1abedfa35de32d3e5db7c48e5259"
    integrity sha512-+DX/GwHAd0ok1bgedV1cKO0zfK7P/9aEyNoaYiRsGHpCecN7mhLqcdoUiUzE7Uz86LBsxm5ssK0qA1kBB47fbQ==
    dependencies:
      "@ethersproject/bytes" "^5.3.0"
      "@ethersproject/logger" "^5.3.0"
      "@ethersproject/properties" "^5.3.0"
      bn.js "^4.11.9"
      elliptic "6.5.4"
      hash.js "1.1.7"
  
  "@ethersproject/solidity@5.3.0":
    version "5.3.0"
    resolved "https://registry.yarnpkg.com/@ethersproject/solidity/-/solidity-5.3.0.tgz#2a0b00b4aaaef99a080ddea13acab1fa35cd4a93"
    integrity sha512-uLRBaNUiISHbut94XKewJgQh6UmydWTBp71I7I21pkjVXfZO2dJ5EOo3jCnumJc01M4LOm79dlNNmF3oGIvweQ==
    dependencies:
      "@ethersproject/bignumber" "^5.3.0"
      "@ethersproject/bytes" "^5.3.0"
      "@ethersproject/keccak256" "^5.3.0"
      "@ethersproject/sha2" "^5.3.0"
      "@ethersproject/strings" "^5.3.0"
  
  "@ethersproject/strings@5.3.0", "@ethersproject/strings@^5.3.0":
    version "5.3.0"
    resolved "https://registry.yarnpkg.com/@ethersproject/strings/-/strings-5.3.0.tgz#a6b640aab56a18e0909f657da798eef890968ff0"
    integrity sha512-j/AzIGZ503cvhuF2ldRSjB0BrKzpsBMtCieDtn4TYMMZMQ9zScJn9wLzTQl/bRNvJbBE6TOspK0r8/Ngae/f2Q==
    dependencies:
      "@ethersproject/bytes" "^5.3.0"
      "@ethersproject/constants" "^5.3.0"
      "@ethersproject/logger" "^5.3.0"
  
  "@ethersproject/transactions@5.3.0", "@ethersproject/transactions@^5.3.0":
    version "5.3.0"
    resolved "https://registry.yarnpkg.com/@ethersproject/transactions/-/transactions-5.3.0.tgz#49b86f2bafa4d0bdf8e596578fc795ee47c50458"
    integrity sha512-cdfK8VVyW2oEBCXhURG0WQ6AICL/r6Gmjh0e4Bvbv6MCn/GBd8FeBH3rtl7ho+AW50csMKeGv3m3K1HSHB2jMQ==
    dependencies:
      "@ethersproject/address" "^5.3.0"
      "@ethersproject/bignumber" "^5.3.0"
      "@ethersproject/bytes" "^5.3.0"
      "@ethersproject/constants" "^5.3.0"
      "@ethersproject/keccak256" "^5.3.0"
      "@ethersproject/logger" "^5.3.0"
      "@ethersproject/properties" "^5.3.0"
      "@ethersproject/rlp" "^5.3.0"
      "@ethersproject/signing-key" "^5.3.0"
  
  "@ethersproject/units@5.3.0":
    version "5.3.0"
    resolved "https://registry.yarnpkg.com/@ethersproject/units/-/units-5.3.0.tgz#c4d1493532ad3d4ddf6e2bc4f8c94a2db933a8f5"
    integrity sha512-BkfccZGwfJ6Ob+AelpIrgAzuNhrN2VLp3AILnkqTOv+yBdsc83V4AYf25XC/u0rHnWl6f4POaietPwlMqP2vUg==
    dependencies:
      "@ethersproject/bignumber" "^5.3.0"
      "@ethersproject/constants" "^5.3.0"
      "@ethersproject/logger" "^5.3.0"
  
  "@ethersproject/wallet@5.3.0":
    version "5.3.0"
    resolved "https://registry.yarnpkg.com/@ethersproject/wallet/-/wallet-5.3.0.tgz#91946b470bd279e39ade58866f21f92749d062af"
    integrity sha512-boYBLydG6671p9QoG6EinNnNzbm7DNOjVT20eV8J6HQEq4aUaGiA2CytF2vK+2rOEWbzhZqoNDt6AlkE1LlsTg==
    dependencies:
      "@ethersproject/abstract-provider" "^5.3.0"
      "@ethersproject/abstract-signer" "^5.3.0"
      "@ethersproject/address" "^5.3.0"
      "@ethersproject/bignumber" "^5.3.0"
      "@ethersproject/bytes" "^5.3.0"
      "@ethersproject/hash" "^5.3.0"
      "@ethersproject/hdnode" "^5.3.0"
      "@ethersproject/json-wallets" "^5.3.0"
      "@ethersproject/keccak256" "^5.3.0"
      "@ethersproject/logger" "^5.3.0"
      "@ethersproject/properties" "^5.3.0"
      "@ethersproject/random" "^5.3.0"
      "@ethersproject/signing-key" "^5.3.0"
      "@ethersproject/transactions" "^5.3.0"
      "@ethersproject/wordlists" "^5.3.0"
  
  "@ethersproject/web@5.3.0", "@ethersproject/web@^5.3.0":
    version "5.3.0"
    resolved "https://registry.yarnpkg.com/@ethersproject/web/-/web-5.3.0.tgz#7959c403f6476c61515008d8f92da51c553a8ee1"
    integrity sha512-Ni6/DHnY6k/TD41LEkv0RQDx4jqWz5e/RZvrSecsxGYycF+MFy2z++T/yGc2peRunLOTIFwEksgEGGlbwfYmhQ==
    dependencies:
      "@ethersproject/base64" "^5.3.0"
      "@ethersproject/bytes" "^5.3.0"
      "@ethersproject/logger" "^5.3.0"
      "@ethersproject/properties" "^5.3.0"
      "@ethersproject/strings" "^5.3.0"
  
  "@ethersproject/wordlists@5.3.0", "@ethersproject/wordlists@^5.3.0":
    version "5.3.0"
    resolved "https://registry.yarnpkg.com/@ethersproject/wordlists/-/wordlists-5.3.0.tgz#45a0205f5178c1de33d316cb2ab7ed5eac3c06c5"
    integrity sha512-JcwumCZcsUxgWpiFU/BRy6b4KlTRdOmYvOKZcAw/3sdF93/pZyPW5Od2hFkHS8oWp4xS06YQ+qHqQhdcxdHafQ==
    dependencies:
      "@ethersproject/bytes" "^5.3.0"
      "@ethersproject/hash" "^5.3.0"
      "@ethersproject/logger" "^5.3.0"
      "@ethersproject/properties" "^5.3.0"
      "@ethersproject/strings" "^5.3.0"
  
  aes-js@3.0.0:
    version "3.0.0"
    resolved "https://registry.yarnpkg.com/aes-js/-/aes-js-3.0.0.tgz#e21df10ad6c2053295bcbb8dab40b09dbea87e4d"
    integrity sha1-4h3xCtbCBTKVvLuNq0Cwnb6ofk0=
  
  balanced-match@^1.0.0:
    version "1.0.2"
    resolved "https://registry.yarnpkg.com/balanced-match/-/balanced-match-1.0.2.tgz#e83e3a7e3f300b34cb9d87f615fa0cbf357690ee"
    integrity sha512-3oSeUO0TMV67hN1AmbXsK4yaqU7tjiHlbxRDZOpH0KW9+CeX4bRAaX0Anxt0tx2MrpRpWwQaPwIlISEJhYU5Pw==
  
  bech32@1.1.4:
    version "1.1.4"
    resolved "https://registry.yarnpkg.com/bech32/-/bech32-1.1.4.tgz#e38c9f37bf179b8eb16ae3a772b40c356d4832e9"
    integrity sha512-s0IrSOzLlbvX7yp4WBfPITzpAU8sqQcpsmwXDiKwrG4r491vwCO/XpejasRNl0piBMe/DvP4Tz0mIS/X1DPJBQ==
  
  bn.js@^4.11.9:
    version "4.12.0"
    resolved "https://registry.yarnpkg.com/bn.js/-/bn.js-4.12.0.tgz#775b3f278efbb9718eec7361f483fb36fbbfea88"
    integrity sha512-c98Bf3tPniI+scsdk237ku1Dc3ujXQTSgyiPUDEOe7tRkhrqridvh8klBv0HCEso1OLOYcHuCv/cS6DNxKH+ZA==
  
  brace-expansion@^1.1.7:
    version "1.1.11"
    resolved "https://registry.yarnpkg.com/brace-expansion/-/brace-expansion-1.1.11.tgz#3c7fcbf529d87226f3d2f52b966ff5271eb441dd"
    integrity sha512-iCuPHDFgrHX7H2vEI/5xpz07zSHB00TpugqhmYtVmMO6518mCuRMoOYFldEBl0g187ufozdaHgWKcYFb61qGiA==
    dependencies:
      balanced-match "^1.0.0"
      concat-map "0.0.1"
  
  brorand@^1.1.0:
    version "1.1.0"
    resolved "https://registry.yarnpkg.com/brorand/-/brorand-1.1.0.tgz#12c25efe40a45e3c323eb8675a0a0ce57b22371f"
    integrity sha1-EsJe/kCkXjwyPrhnWgoM5XsiNx8=
  
  command-exists@^1.2.8:
    version "1.2.9"
    resolved "https://registry.yarnpkg.com/command-exists/-/command-exists-1.2.9.tgz#c50725af3808c8ab0260fd60b01fbfa25b954f69"
    integrity sha512-LTQ/SGc+s0Xc0Fu5WaKnR0YiygZkm9eKFvyS+fRsU7/ZWFF8ykFM6Pc9aCVf1+xasOOZpO3BAVgVrKvsqKHV7w==
  
  commander@3.0.2:
    version "3.0.2"
    resolved "https://registry.yarnpkg.com/commander/-/commander-3.0.2.tgz#6837c3fb677ad9933d1cfba42dd14d5117d6b39e"
    integrity sha512-Gar0ASD4BDyKC4hl4DwHqDrmvjoxWKZigVnAbn5H1owvm4CxCPdb0HQDehwNYMJpla5+M2tPmPARzhtYuwpHow==
  
  concat-map@0.0.1:
    version "0.0.1"
    resolved "https://registry.yarnpkg.com/concat-map/-/concat-map-0.0.1.tgz#d8a96bd77fd68df7793a73036a3ba0d5405d477b"
    integrity sha1-2Klr13/Wjfd5OnMDajug1UBdR3s=
  
  elliptic@6.5.4:
    version "6.5.4"
    resolved "https://registry.yarnpkg.com/elliptic/-/elliptic-6.5.4.tgz#da37cebd31e79a1367e941b592ed1fbebd58abbb"
    integrity sha512-iLhC6ULemrljPZb+QutR5TQGB+pdW6KGD5RSegS+8sorOZT+rdQFbsQFJgvN3eRqNALqJer4oQ16YvJHlU8hzQ==
    dependencies:
      bn.js "^4.11.9"
      brorand "^1.1.0"
      hash.js "^1.0.0"
      hmac-drbg "^1.0.1"
      inherits "^2.0.4"
      minimalistic-assert "^1.0.1"
      minimalistic-crypto-utils "^1.0.1"
  
  ethers@^5.3.1:
    version "5.3.1"
    resolved "https://registry.yarnpkg.com/ethers/-/ethers-5.3.1.tgz#1f018f0aeb651576cd84fd987a45f0b99646d761"
    integrity sha512-xCKmC0gsZ9gks89ZfK3B1y6LlPdvX5fxDtu9SytnpdDJR1M7pmJI+4H0AxQPMgUYr7GtQdmECLR0gWdJQ+lZYw==
    dependencies:
      "@ethersproject/abi" "5.3.1"
      "@ethersproject/abstract-provider" "5.3.0"
      "@ethersproject/abstract-signer" "5.3.0"
      "@ethersproject/address" "5.3.0"
      "@ethersproject/base64" "5.3.0"
      "@ethersproject/basex" "5.3.0"
      "@ethersproject/bignumber" "5.3.0"
      "@ethersproject/bytes" "5.3.0"
      "@ethersproject/constants" "5.3.0"
      "@ethersproject/contracts" "5.3.0"
      "@ethersproject/hash" "5.3.0"
      "@ethersproject/hdnode" "5.3.0"
      "@ethersproject/json-wallets" "5.3.0"
      "@ethersproject/keccak256" "5.3.0"
      "@ethersproject/logger" "5.3.0"
      "@ethersproject/networks" "5.3.1"
      "@ethersproject/pbkdf2" "5.3.0"
      "@ethersproject/properties" "5.3.0"
      "@ethersproject/providers" "5.3.1"
      "@ethersproject/random" "5.3.0"
      "@ethersproject/rlp" "5.3.0"
      "@ethersproject/sha2" "5.3.0"
      "@ethersproject/signing-key" "5.3.0"
      "@ethersproject/solidity" "5.3.0"
      "@ethersproject/strings" "5.3.0"
      "@ethersproject/transactions" "5.3.0"
      "@ethersproject/units" "5.3.0"
      "@ethersproject/wallet" "5.3.0"
      "@ethersproject/web" "5.3.0"
      "@ethersproject/wordlists" "5.3.0"
  
  follow-redirects@^1.12.1:
    version "1.14.1"
    resolved "https://registry.yarnpkg.com/follow-redirects/-/follow-redirects-1.14.1.tgz#d9114ded0a1cfdd334e164e6662ad02bfd91ff43"
    integrity sha512-HWqDgT7ZEkqRzBvc2s64vSZ/hfOceEol3ac/7tKwzuvEyWx3/4UegXh5oBOIotkGsObyk3xznnSRVADBgWSQVg==
  
  fs-extra@^0.30.0:
    version "0.30.0"
    resolved "https://registry.yarnpkg.com/fs-extra/-/fs-extra-0.30.0.tgz#f233ffcc08d4da7d432daa449776989db1df93f0"
    integrity sha1-8jP/zAjU2n1DLapEl3aYnbHfk/A=
    dependencies:
      graceful-fs "^4.1.2"
      jsonfile "^2.1.0"
      klaw "^1.0.0"
      path-is-absolute "^1.0.0"
      rimraf "^2.2.8"
  
  fs.realpath@^1.0.0:
    version "1.0.0"
    resolved "https://registry.yarnpkg.com/fs.realpath/-/fs.realpath-1.0.0.tgz#1504ad2523158caa40db4a2787cb01411994ea4f"
    integrity sha1-FQStJSMVjKpA20onh8sBQRmU6k8=
  
  glob@^7.1.3:
    version "7.1.7"
    resolved "https://registry.yarnpkg.com/glob/-/glob-7.1.7.tgz#3b193e9233f01d42d0b3f78294bbeeb418f94a90"
    integrity sha512-OvD9ENzPLbegENnYP5UUfJIirTg4+XwMWGaQfQTY0JenxNvvIKP3U3/tAQSPIu/lHxXYSZmpXlUHeqAIdKzBLQ==
    dependencies:
      fs.realpath "^1.0.0"
      inflight "^1.0.4"
      inherits "2"
      minimatch "^3.0.4"
      once "^1.3.0"
      path-is-absolute "^1.0.0"
  
  graceful-fs@^4.1.2, graceful-fs@^4.1.6, graceful-fs@^4.1.9:
    version "4.2.6"
    resolved "https://registry.yarnpkg.com/graceful-fs/-/graceful-fs-4.2.6.tgz#ff040b2b0853b23c3d31027523706f1885d76bee"
    integrity sha512-nTnJ528pbqxYanhpDYsi4Rd8MAeaBA67+RZ10CM1m3bTAVFEDcd5AuA4a6W5YkGZ1iNXHzZz8T6TBKLeBuNriQ==
  
  hash.js@1.1.7, hash.js@^1.0.0, hash.js@^1.0.3:
    version "1.1.7"
    resolved "https://registry.yarnpkg.com/hash.js/-/hash.js-1.1.7.tgz#0babca538e8d4ee4a0f8988d68866537a003cf42"
    integrity sha512-taOaskGt4z4SOANNseOviYDvjEJinIkRgmp7LbKP2YTTmVxWBl87s/uzK9r+44BclBSp2X7K1hqeNfz9JbBeXA==
    dependencies:
      inherits "^2.0.3"
      minimalistic-assert "^1.0.1"
  
  hmac-drbg@^1.0.1:
    version "1.0.1"
    resolved "https://registry.yarnpkg.com/hmac-drbg/-/hmac-drbg-1.0.1.tgz#d2745701025a6c775a6c545793ed502fc0c649a1"
    integrity sha1-0nRXAQJabHdabFRXk+1QL8DGSaE=
    dependencies:
      hash.js "^1.0.3"
      minimalistic-assert "^1.0.0"
      minimalistic-crypto-utils "^1.0.1"
  
  inflight@^1.0.4:
    version "1.0.6"
    resolved "https://registry.yarnpkg.com/inflight/-/inflight-1.0.6.tgz#49bd6331d7d02d0c09bc910a1075ba8165b56df9"
    integrity sha1-Sb1jMdfQLQwJvJEKEHW6gWW1bfk=
    dependencies:
      once "^1.3.0"
      wrappy "1"
  
  inherits@2, inherits@^2.0.3, inherits@^2.0.4:
    version "2.0.4"
    resolved "https://registry.yarnpkg.com/inherits/-/inherits-2.0.4.tgz#0fa2c64f932917c3433a0ded55363aae37416b7c"
    integrity sha512-k/vGaX4/Yla3WzyMCvTQOXYeIHvqOKtnqBduzTHpzpQZzAskKMhZ2K+EnBiSM9zGSoIFeMpXKxa4dYeZIQqewQ==
  
  js-sha3@0.5.7:
    version "0.5.7"
    resolved "https://registry.yarnpkg.com/js-sha3/-/js-sha3-0.5.7.tgz#0d4ffd8002d5333aabaf4a23eed2f6374c9f28e7"
    integrity sha1-DU/9gALVMzqrr0oj7tL2N0yfKOc=
  
  js-sha3@0.8.0:
    version "0.8.0"
    resolved "https://registry.yarnpkg.com/js-sha3/-/js-sha3-0.8.0.tgz#b9b7a5da73afad7dedd0f8c463954cbde6818840"
    integrity sha512-gF1cRrHhIzNfToc802P800N8PpXS+evLLXfsVpowqmAFR9uwbi89WvXg2QspOmXL8QL86J4T1EpFu+yUkwJY3Q==
  
  jsonfile@^2.1.0:
    version "2.4.0"
    resolved "https://registry.yarnpkg.com/jsonfile/-/jsonfile-2.4.0.tgz#3736a2b428b87bbda0cc83b53fa3d633a35c2ae8"
    integrity sha1-NzaitCi4e72gzIO1P6PWM6NcKug=
    optionalDependencies:
      graceful-fs "^4.1.6"
  
  klaw@^1.0.0:
    version "1.3.1"
    resolved "https://registry.yarnpkg.com/klaw/-/klaw-1.3.1.tgz#4088433b46b3b1ba259d78785d8e96f73ba02439"
    integrity sha1-QIhDO0azsbolnXh4XY6W9zugJDk=
    optionalDependencies:
      graceful-fs "^4.1.9"
  
  memorystream@^0.3.1:
    version "0.3.1"
    resolved "https://registry.yarnpkg.com/memorystream/-/memorystream-0.3.1.tgz#86d7090b30ce455d63fbae12dda51a47ddcaf9b2"
    integrity sha1-htcJCzDORV1j+64S3aUaR93K+bI=
  
  minimalistic-assert@^1.0.0, minimalistic-assert@^1.0.1:
    version "1.0.1"
    resolved "https://registry.yarnpkg.com/minimalistic-assert/-/minimalistic-assert-1.0.1.tgz#2e194de044626d4a10e7f7fbc00ce73e83e4d5c7"
    integrity sha512-UtJcAD4yEaGtjPezWuO9wC4nwUnVH/8/Im3yEHQP4b67cXlD/Qr9hdITCU1xDbSEXg2XKNaP8jsReV7vQd00/A==
  
  minimalistic-crypto-utils@^1.0.1:
    version "1.0.1"
    resolved "https://registry.yarnpkg.com/minimalistic-crypto-utils/-/minimalistic-crypto-utils-1.0.1.tgz#f6c00c1c0b082246e5c4d99dfb8c7c083b2b582a"
    integrity sha1-9sAMHAsIIkblxNmd+4x8CDsrWCo=
  
  minimatch@^3.0.4:
    version "3.0.4"
    resolved "https://registry.yarnpkg.com/minimatch/-/minimatch-3.0.4.tgz#5166e286457f03306064be5497e8dbb0c3d32083"
    integrity sha512-yJHVQEhyqPLUTgt9B83PXu6W3rx4MvvHvSUvToogpwoGDOUQ+yDrR0HRot+yOCdCO7u4hX3pWft6kWBBcqh0UA==
    dependencies:
      brace-expansion "^1.1.7"
  
  once@^1.3.0:
    version "1.4.0"
    resolved "https://registry.yarnpkg.com/once/-/once-1.4.0.tgz#583b1aa775961d4b113ac17d9c50baef9dd76bd1"
    integrity sha1-WDsap3WWHUsROsF9nFC6753Xa9E=
    dependencies:
      wrappy "1"
  
  os-tmpdir@~1.0.2:
    version "1.0.2"
    resolved "https://registry.yarnpkg.com/os-tmpdir/-/os-tmpdir-1.0.2.tgz#bbe67406c79aa85c5cfec766fe5734555dfa1274"
    integrity sha1-u+Z0BseaqFxc/sdm/lc0VV36EnQ=
  
  path-is-absolute@^1.0.0:
    version "1.0.1"
    resolved "https://registry.yarnpkg.com/path-is-absolute/-/path-is-absolute-1.0.1.tgz#174b9268735534ffbc7ace6bf53a5a9e1b5c5f5f"
    integrity sha1-F0uSaHNVNP+8es5r9TpanhtcX18=
  
  require-from-string@^2.0.0:
    version "2.0.2"
    resolved "https://registry.yarnpkg.com/require-from-string/-/require-from-string-2.0.2.tgz#89a7fdd938261267318eafe14f9c32e598c36909"
    integrity sha512-Xf0nWe6RseziFMu+Ap9biiUbmplq6S9/p+7w7YXP/JBHhrUDDUhwa+vANyubuqfZWTveU//DYVGsDG7RKL/vEw==
  
  rimraf@^2.2.8:
    version "2.7.1"
    resolved "https://registry.yarnpkg.com/rimraf/-/rimraf-2.7.1.tgz#35797f13a7fdadc566142c29d4f07ccad483e3ec"
    integrity sha512-uWjbaKIK3T1OSVptzX7Nl6PvQ3qAGtKEtVRjRuazjfL3Bx5eI409VZSqgND+4UNnmzLVdPj9FqFJNPqBZFve4w==
    dependencies:
      glob "^7.1.3"
  
  scrypt-js@3.0.1:
    version "3.0.1"
    resolved "https://registry.yarnpkg.com/scrypt-js/-/scrypt-js-3.0.1.tgz#d314a57c2aef69d1ad98a138a21fe9eafa9ee312"
    integrity sha512-cdwTTnqPu0Hyvf5in5asVdZocVDTNRmR7XEcJuIzMjJeSHybHl7vpB66AzwTaIg6CLSbtjcxc8fqcySfnTkccA==
  
  semver@^5.5.0:
    version "5.7.1"
    resolved "https://registry.yarnpkg.com/semver/-/semver-5.7.1.tgz#a954f931aeba508d307bbf069eff0c01c96116f7"
    integrity sha512-sauaDf/PZdVgrLTNYHRtpXa1iRiKcaebiKQ1BJdpQlWH2lCvexQdX55snPFyK7QzpudqbCI0qXFfOasHdyNDGQ==
  
  solc@^0.8.5:
    version "0.8.5"
    resolved "https://registry.yarnpkg.com/solc/-/solc-0.8.5.tgz#f053489f7eff8fb14a7d70d625c5adbd95cf1f30"
    integrity sha512-DKSVwLbQHXvmW9+EBFBn0bLiLsWoIzirvHLGkF1TZfN5E6aHjttAsFRYcMQOJryg4t9AX+AOKkyTlUqEcVBNqA==
    dependencies:
      command-exists "^1.2.8"
      commander "3.0.2"
      follow-redirects "^1.12.1"
      fs-extra "^0.30.0"
      js-sha3 "0.8.0"
      memorystream "^0.3.1"
      require-from-string "^2.0.0"
      semver "^5.5.0"
      tmp "0.0.33"
  
  tmp@0.0.33:
    version "0.0.33"
    resolved "https://registry.yarnpkg.com/tmp/-/tmp-0.0.33.tgz#6d34335889768d21b2bcda0aa277ced3b1bfadf9"
    integrity sha512-jRCJlojKnZ3addtTOjdIqoRuPEKBvNXcGYqzO6zWZX8KfKEpnGY5jfggJQ3EjKuu8D4bJRr0y+cYJFmYbImXGw==
    dependencies:
      os-tmpdir "~1.0.2"
  
  wrappy@1:
    version "1.0.2"
    resolved "https://registry.yarnpkg.com/wrappy/-/wrappy-1.0.2.tgz#b5243d8f3ec1aa35f1364605bc0d1036e30ab69f"
    integrity sha1-tSQ9jz7BqjXxNkYFvA0QNuMKtp8=
  
  ws@7.4.6:
    version "7.4.6"
    resolved "https://registry.yarnpkg.com/ws/-/ws-7.4.6.tgz#5654ca8ecdeee47c33a9a4bf6d28e2be2980377c"
    integrity sha512-YmhHDO4MzaDLB+M9ym/mDA5z0naX8j7SIlT8f8z+I0VtzsRbekxEutHSme7NPS2qE8StCYQNUnfWdXta/Yu85A==
